<?xml version="1.0" encoding="UTF-8"?>
<!-- Generated by org.testng.reporters.JUnitXMLReporter -->
<testsuite ignored="0" hostname="DESKTOP-NQ704LS" failures="0" tests="8" name="Surefire test" time="35.981" errors="0" timestamp="2024-10-18T12:44:10 IST">
  <testcase classname="com.test.LoginTest" name="testInvalidLogin" time="2.298"/>
  <testcase classname="com.test.LoginTest" name="testLogin" time="1.297"/>
  <testcase classname="com.test.ProductPageTest" name="testClickEachProductAndPrintPrice" time="0.081"/>
  <testcase classname="com.test.TestAllProducts" name="verifyProductNamesAndPrices" time="3.197"/>
  <testcase classname="com.test.TestBabyhugProducts" name="verifyProductNames" time="0.13"/>
  <testcase classname="com.test.TestBabyhugProducts" name="verifyProductPrices" time="0.087"/>
  <testcase classname="com.test.TestBabyhugProducts" name="verifyTotalProducts" time="0.081"/>
  <testcase classname="com.test.TestProductDetails" name="testTshirtDetails" time="0.217"/>
</testsuite> <!-- Surefire test -->
