<?xml version="1.0" encoding="UTF-8"?>
<testng-results ignored="0" total="8" passed="8" failed="0" skipped="0">
  <reporter-output>
  </reporter-output>
  <suite started-at="2024-10-18T12:43:34 IST" name="Surefire suite" finished-at="2024-10-18T12:44:10 IST" duration-ms="35981">
    <groups>
    </groups>
    <test started-at="2024-10-18T12:43:34 IST" name="Surefire test" finished-at="2024-10-18T12:44:10 IST" duration-ms="35981">
      <class name="com.test.TestBabyhugProducts">
        <test-method is-config="true" signature="setup()[pri:0, instance:com.test.TestBabyhugProducts@9353778]" started-at="2024-10-18T12:43:59 IST" name="setup" finished-at="2024-10-18T12:44:04 IST" duration-ms="4796" status="PASS">
          <reporter-output>
          </reporter-output>
        </test-method> <!-- setup -->
        <test-method signature="verifyProductNames()[pri:0, instance:com.test.TestBabyhugProducts@9353778]" started-at="2024-10-18T12:44:04 IST" name="verifyProductNames" finished-at="2024-10-18T12:44:04 IST" duration-ms="130" status="PASS">
          <reporter-output>
          </reporter-output>
        </test-method> <!-- verifyProductNames -->
        <test-method signature="verifyProductPrices()[pri:0, instance:com.test.TestBabyhugProducts@9353778]" started-at="2024-10-18T12:44:04 IST" name="verifyProductPrices" finished-at="2024-10-18T12:44:04 IST" duration-ms="87" status="PASS">
          <reporter-output>
          </reporter-output>
        </test-method> <!-- verifyProductPrices -->
        <test-method signature="verifyTotalProducts()[pri:0, instance:com.test.TestBabyhugProducts@9353778]" started-at="2024-10-18T12:44:04 IST" name="verifyTotalProducts" finished-at="2024-10-18T12:44:04 IST" duration-ms="81" status="PASS">
          <reporter-output>
          </reporter-output>
        </test-method> <!-- verifyTotalProducts -->
        <test-method is-config="true" signature="tearDown()[pri:0, instance:com.test.TestBabyhugProducts@9353778]" started-at="2024-10-18T12:44:04 IST" name="tearDown" finished-at="2024-10-18T12:44:05 IST" duration-ms="341" status="PASS">
          <reporter-output>
          </reporter-output>
        </test-method> <!-- tearDown -->
      </class> <!-- com.test.TestBabyhugProducts -->
      <class name="com.test.ProductPageTest">
        <test-method is-config="true" signature="setUp()[pri:0, instance:com.test.ProductPageTest@7e0b85f9]" started-at="2024-10-18T12:43:42 IST" name="setUp" finished-at="2024-10-18T12:43:50 IST" duration-ms="7249" status="PASS">
          <reporter-output>
          </reporter-output>
        </test-method> <!-- setUp -->
        <test-method signature="testClickEachProductAndPrintPrice()[pri:0, instance:com.test.ProductPageTest@7e0b85f9]" started-at="2024-10-18T12:43:50 IST" name="testClickEachProductAndPrintPrice" finished-at="2024-10-18T12:43:50 IST" duration-ms="81" status="PASS">
          <reporter-output>
          </reporter-output>
        </test-method> <!-- testClickEachProductAndPrintPrice -->
        <test-method is-config="true" signature="tearDown()[pri:0, instance:com.test.ProductPageTest@7e0b85f9]" started-at="2024-10-18T12:43:50 IST" name="tearDown" finished-at="2024-10-18T12:43:50 IST" duration-ms="325" status="PASS">
          <reporter-output>
          </reporter-output>
        </test-method> <!-- tearDown -->
      </class> <!-- com.test.ProductPageTest -->
      <class name="com.test.TestProductDetails">
        <test-method is-config="true" signature="setUp()[pri:0, instance:com.test.TestProductDetails@6a28ffa4]" started-at="2024-10-18T12:44:05 IST" name="setUp" finished-at="2024-10-18T12:44:09 IST" duration-ms="4373" status="PASS">
          <reporter-output>
          </reporter-output>
        </test-method> <!-- setUp -->
        <test-method signature="testTshirtDetails()[pri:0, instance:com.test.TestProductDetails@6a28ffa4]" started-at="2024-10-18T12:44:09 IST" name="testTshirtDetails" finished-at="2024-10-18T12:44:09 IST" duration-ms="217" status="PASS">
          <reporter-output>
          </reporter-output>
        </test-method> <!-- testTshirtDetails -->
        <test-method is-config="true" signature="tearDown()[pri:0, instance:com.test.TestProductDetails@6a28ffa4]" started-at="2024-10-18T12:44:09 IST" name="tearDown" finished-at="2024-10-18T12:44:10 IST" duration-ms="328" status="PASS">
          <reporter-output>
          </reporter-output>
        </test-method> <!-- tearDown -->
      </class> <!-- com.test.TestProductDetails -->
      <class name="com.test.TestAllProducts">
        <test-method is-config="true" signature="setup()[pri:0, instance:com.test.TestAllProducts@63355449]" started-at="2024-10-18T12:43:50 IST" name="setup" finished-at="2024-10-18T12:43:56 IST" duration-ms="5738" status="PASS">
          <reporter-output>
          </reporter-output>
        </test-method> <!-- setup -->
        <test-method signature="verifyProductNamesAndPrices()[pri:0, instance:com.test.TestAllProducts@63355449]" started-at="2024-10-18T12:43:56 IST" name="verifyProductNamesAndPrices" finished-at="2024-10-18T12:43:59 IST" duration-ms="3197" status="PASS">
          <reporter-output>
          </reporter-output>
        </test-method> <!-- verifyProductNamesAndPrices -->
        <test-method is-config="true" signature="tearDown()[pri:0, instance:com.test.TestAllProducts@63355449]" started-at="2024-10-18T12:43:59 IST" name="tearDown" finished-at="2024-10-18T12:43:59 IST" duration-ms="376" status="PASS">
          <reporter-output>
          </reporter-output>
        </test-method> <!-- tearDown -->
      </class> <!-- com.test.TestAllProducts -->
      <class name="com.test.LoginTest">
        <test-method is-config="true" signature="setUp()[pri:0, instance:com.test.LoginTest@13e39c73]" started-at="2024-10-18T12:43:34 IST" name="setUp" finished-at="2024-10-18T12:43:38 IST" duration-ms="4669" status="PASS">
          <reporter-output>
          </reporter-output>
        </test-method> <!-- setUp -->
        <test-method signature="testInvalidLogin()[pri:0, instance:com.test.LoginTest@13e39c73]" started-at="2024-10-18T12:43:39 IST" name="testInvalidLogin" finished-at="2024-10-18T12:43:41 IST" duration-ms="2298" status="PASS">
          <reporter-output>
          </reporter-output>
        </test-method> <!-- testInvalidLogin -->
        <test-method signature="testLogin()[pri:0, instance:com.test.LoginTest@13e39c73]" started-at="2024-10-18T12:43:41 IST" name="testLogin" finished-at="2024-10-18T12:43:42 IST" duration-ms="1297" status="PASS">
          <reporter-output>
          </reporter-output>
        </test-method> <!-- testLogin -->
        <test-method is-config="true" signature="tearDown()[pri:0, instance:com.test.LoginTest@13e39c73]" started-at="2024-10-18T12:43:42 IST" name="tearDown" finished-at="2024-10-18T12:43:42 IST" duration-ms="291" status="PASS">
          <reporter-output>
          </reporter-output>
        </test-method> <!-- tearDown -->
      </class> <!-- com.test.LoginTest -->
    </test> <!-- Surefire test -->
  </suite> <!-- Surefire suite -->
</testng-results>
