<?xml version="1.0" encoding="UTF-8"?>
<testsuite xmlns:xsi="http://www.w3.org/2001/XMLSchema-instance" xsi:noNamespaceSchemaLocation="https://maven.apache.org/surefire/maven-surefire-plugin/xsd/surefire-test-report-3.0.xsd" version="3.0" name="TestSuite" time="37.045" tests="8" errors="0" skipped="0" failures="0">
  <properties>
[...]
</properties>
  <testcase name="testInvalidLogin" classname="com.test.LoginTest" time="2.294">
    <system-err><![CDATA[SLF4J(W): No SLF4J providers were found.
SLF4J(W): Defaulting to no-operation (NOP) logger implementation
SLF4J(W): See https://www.slf4j.org/codes.html#noProviders for further details.
]]></system-err>
  </testcase>
  <testcase name="testLogin" classname="com.test.LoginTest" time="1.289"/>
  <testcase name="testClickEachProductAndPrintPrice" classname="com.test.ProductPageTest" time="0.081">
    <system-out><![CDATA[An error occurred while clicking on products and printing prices: Cannot invoke "org.openqa.selenium.WebElement.isDisplayed()" because "element" is null
]]></system-out>
  </testcase>
  <testcase name="verifyProductNamesAndPrices" classname="com.test.TestAllProducts" time="3.218">
    <system-out><![CDATA[Total products: 34
Product Name: Blue Top
Product Price: Rs. 500
----------------------
Product Name: Men Tshirt
Product Price: Rs. 400
----------------------
Product Name: Sleeveless Dress
Product Price: Rs. 1000
----------------------
Product Name: Stylish Dress
Product Price: Rs. 1500
----------------------
Product Name: Winter Top
Product Price: Rs. 600
----------------------
Product Name: Summer White Top
Product Price: Rs. 400
----------------------
Product Name: Madame Top For Women
Product Price: Rs. 1000
----------------------
Product Name: Fancy Green Top
Product Price: Rs. 700
----------------------
Product Name: Sleeves Printed Top - White
Product Price: Rs. 499
----------------------
Product Name: Half Sleeves Top Schiffli Detailing - Pink
Product Price: Rs. 359
----------------------
Product Name: Frozen Tops For Kids
Product Price: Rs. 278
----------------------
Product Name: Full Sleeves Top Cherry - Pink
Product Price: Rs. 679
----------------------
Product Name: Printed Off Shoulder Top - White
Product Price: Rs. 315
----------------------
Product Name: Sleeves Top and Short - Blue & Pink
Product Price: Rs. 478
----------------------
Product Name: Little Girls Mr. Panda Shirt
Product Price: Rs. 1200
----------------------
Product Name: Sleeveless Unicorn Patch Gown - Pink
Product Price: Rs. 1050
----------------------
Product Name: Cotton Mull Embroidered Dress
Product Price: Rs. 1190
----------------------
Product Name: Blue Cotton Indie Mickey Dress
Product Price: Rs. 1530
----------------------
Product Name: Long Maxi Tulle Fancy Dress Up Outfits -Pink
Product Price: Rs. 1600
----------------------
Product Name: Sleeveless Unicorn Print Fit & Flare Net Dress - Multi
Product Price: Rs. 1100
----------------------
Product Name: Colour Blocked Shirt – Sky Blue
Product Price: Rs. 849
----------------------
Product Name: Pure Cotton V-Neck T-Shirt
Product Price: Rs. 1299
----------------------
Product Name: Green Side Placket Detail T-Shirt
Product Price: Rs. 1000
----------------------
Product Name: Premium Polo T-Shirts
Product Price: Rs. 1500
----------------------
Product Name: Pure Cotton Neon Green Tshirt
Product Price: Rs. 850
----------------------
Product Name: Soft Stretch Jeans
Product Price: Rs. 799
----------------------
Product Name: Regular Fit Straight Jeans
Product Price: Rs. 1200
----------------------
Product Name: Grunt Blue Slim Fit Jeans
Product Price: Rs. 1400
----------------------
Product Name: Rose Pink Embroidered Maxi Dress
Product Price: Rs. 2300
----------------------
Product Name: Cotton Silk Hand Block Print Saree
Product Price: Rs. 3000
----------------------
Product Name: Rust Red Linen Saree
Product Price: Rs. 3500
----------------------
Product Name: Beautiful Peacock Blue Cotton Linen Saree
Product Price: Rs. 5000
----------------------
Product Name: Lace Top For Women
Product Price: Rs. 1400
----------------------
Product Name: GRAPHIC DESIGN MEN T SHIRT - BLUE
Product Price: Rs. 1389
----------------------
]]></system-out>
  </testcase>
  <testcase name="verifyProductNames" classname="com.test.TestBabyhugProducts" time="0.138">
    <system-out><![CDATA[Total product names: 4
Sleeves Printed Top - White
Half Sleeves Top Schiffli Detailing - Pink
Printed Off Shoulder Top - White
Sleeves Top and Short - Blue & Pink
]]></system-out>
  </testcase>
  <testcase name="verifyProductPrices" classname="com.test.TestBabyhugProducts" time="0.084">
    <system-out><![CDATA[Total prices of products: 4
Rs. 499
Rs. 359
Rs. 315
Rs. 478
]]></system-out>
  </testcase>
  <testcase name="verifyTotalProducts" classname="com.test.TestBabyhugProducts" time="0.119">
    <system-out><![CDATA[Total Babyhug products: 4
Rs. 499
Sleeves Printed Top - White
Add to cart
Rs. 359
Half Sleeves Top Schiffli Detailing - Pink
Add to cart
Rs. 315
Printed Off Shoulder Top - White
Add to cart
Rs. 478
Sleeves Top and Short - Blue & Pink
Add to cart
]]></system-out>
  </testcase>
  <testcase name="testTshirtDetails" classname="com.test.TestProductDetails" time="0.254">
    <system-out><![CDATA[Total T-shirts found: 1
T-shirt: (6)
POLO
Total type of T-shirt names: 0
Total T-shirt prices found: 0
]]></system-out>
  </testcase>
</testsuite>