<?xml version="1.0" encoding="UTF-8"?>
<testng-results ignored="0" total="1" passed="1" failed="0" skipped="0">
  <reporter-output>
  </reporter-output>
  <suite started-at="2024-10-18T12:36:58 IST" name="Default suite" finished-at="2024-10-18T12:37:09 IST" duration-ms="11545">
    <groups>
    </groups>
    <test started-at="2024-10-18T12:36:58 IST" name="Default test" finished-at="2024-10-18T12:37:09 IST" duration-ms="11545">
      <class name="com.test.ExtentReportListener">
        <test-method is-config="true" signature="setup()[pri:0, instance:com.test.ExtentReportListener@740fb309]" started-at="2024-10-18T12:36:58 IST" name="setup" finished-at="2024-10-18T12:37:04 IST" duration-ms="6545" status="PASS">
          <reporter-output>
          </reporter-output>
        </test-method> <!-- setup -->
        <test-method signature="verifyProductNamesAndPrices()[pri:0, instance:com.test.ExtentReportListener@740fb309]" started-at="2024-10-18T12:37:04 IST" name="verifyProductNamesAndPrices" finished-at="2024-10-18T12:37:08 IST" duration-ms="3713" status="PASS">
          <reporter-output>
          </reporter-output>
        </test-method> <!-- verifyProductNamesAndPrices -->
        <test-method is-config="true" signature="tearDown()[pri:0, instance:com.test.ExtentReportListener@740fb309]" started-at="2024-10-18T12:37:08 IST" name="tearDown" finished-at="2024-10-18T12:37:09 IST" duration-ms="1210" status="PASS">
          <reporter-output>
          </reporter-output>
        </test-method> <!-- tearDown -->
      </class> <!-- com.test.ExtentReportListener -->
    </test> <!-- Default test -->
  </suite> <!-- Default suite -->
</testng-results>
